This file contains any messages produced by compilers while
running configure, to aid debugging if configure makes a mistake.

It was created by ntfs-3g configure 2016.2.22, which was
generated by GNU Autoconf 2.69.  Invocation command line was

  $ ./configure 

## --------- ##
## Platform. ##
## --------- ##

hostname = Mustang2.hsd1.co.comcast.net
uname -m = x86_64
uname -r = 16.3.0
uname -s = Darwin
uname -v = Darwin Kernel Version 16.3.0: Thu Nov 17 20:23:58 PST 2016; root:xnu-3789.31.2~1/RELEASE_X86_64

/usr/bin/uname -p = i386
/bin/uname -X     = unknown

/bin/arch              = unknown
/usr/bin/arch -k       = unknown
/usr/convex/getsysinfo = unknown
/usr/bin/hostinfo      = Mach kernel version:
	 Darwin Kernel Version 16.3.0: Thu Nov 17 20:23:58 PST 2016; root:xnu-3789.31.2~1/RELEASE_X86_64
Kernel configured for up to 8 processors.
4 processors are physically available.
8 processors are logically available.
Processor type: i486 (Intel 80486)
Processors active: 0 1 2 3 4 5 6 7
Primary memory available: 16.00 gigabytes
Default processor set: 376 tasks, 1829 threads, 8 processors
Load average: 1.22, Mach factor: 6.77
/bin/machine           = unknown
/usr/bin/oslevel       = unknown
/bin/universe          = unknown

PATH: /Library/Frameworks/Python.framework/Versions/3.4/bin
PATH: /opt/local/bin
PATH: /opt/local/sbin
PATH: /opt/local/bin
PATH: /opt/local/sbin
PATH: /usr/local/mysql/bin
PATH: /usr/local/bin
PATH: /usr/bin
PATH: /bin
PATH: /usr/sbin
PATH: /sbin
PATH: /opt/X11/bin
PATH: /usr/local/git/bin
PATH: /usr/local/MacGPG2/bin
PATH: /Users/Daddy/workspace/devtools/autotools-bin/bin


## ----------- ##
## Core tests. ##
## ----------- ##

configure:2502: checking build system type
configure:2516: result: x86_64-apple-darwin16.3.0
configure:2536: checking host system type
configure:2549: result: x86_64-apple-darwin16.3.0
configure:2569: checking target system type
configure:2582: result: x86_64-apple-darwin16.3.0
configure:2626: checking for a BSD-compatible install
configure:2694: result: /usr/bin/install -c
configure:2705: checking whether build environment is sane
configure:2760: result: yes
configure:2911: checking for a thread-safe mkdir -p
configure:2950: result: ./install-sh -c -d
configure:2957: checking for gawk
configure:2987: result: no
configure:2957: checking for mawk
configure:2987: result: no
configure:2957: checking for nawk
configure:2987: result: no
configure:2957: checking for awk
configure:2973: found /usr/bin/awk
configure:2984: result: awk
configure:2995: checking whether make sets $(MAKE)
configure:3017: result: yes
configure:3046: checking whether make supports nested variables
configure:3063: result: yes
configure:3193: checking whether to enable maintainer-specific portions of Makefiles
configure:3202: result: no
configure:3402: checking for style of include used by make
configure:3430: result: GNU
configure:3501: checking for gcc
configure:3517: found /usr/bin/gcc
configure:3528: result: gcc
configure:3757: checking for C compiler version
configure:3766: gcc --version >&5
Apple LLVM version 8.0.0 (clang-800.0.42.1)
Target: x86_64-apple-darwin16.3.0
Thread model: posix
InstalledDir: /Applications/Xcode.app/Contents/Developer/Toolchains/XcodeDefault.xctoolchain/usr/bin
Configured with: --prefix=/Applications/Xcode.app/Contents/Developer/usr --with-gxx-include-dir=/Applications/Xcode.app/Contents/Developer/Platforms/MacOSX.platform/Developer/SDKs/MacOSX10.12.sdk/usr/include/c++/4.2.1
configure:3777: $? = 0
configure:3766: gcc -v >&5
Configured with: --prefix=/Applications/Xcode.app/Contents/Developer/usr --with-gxx-include-dir=/Applications/Xcode.app/Contents/Developer/Platforms/MacOSX.platform/Developer/SDKs/MacOSX10.12.sdk/usr/include/c++/4.2.1
Apple LLVM version 8.0.0 (clang-800.0.42.1)
Target: x86_64-apple-darwin16.3.0
Thread model: posix
InstalledDir: /Applications/Xcode.app/Contents/Developer/Toolchains/XcodeDefault.xctoolchain/usr/bin
configure:3777: $? = 0
configure:3766: gcc -V >&5
clang: error: argument to '-V' is missing (expected 1 value)
clang: error: no input files
configure:3777: $? = 1
configure:3766: gcc -qversion >&5
clang: error: unknown argument: '-qversion'
clang: error: no input files
configure:3777: $? = 1
configure:3797: checking whether the C compiler works
configure:3819: gcc    conftest.c  >&5
configure:3823: $? = 0
configure:3871: result: yes
configure:3874: checking for C compiler default output file name
configure:3876: result: a.out
configure:3882: checking for suffix of executables
configure:3889: gcc -o conftest    conftest.c  >&5
configure:3893: $? = 0
configure:3915: result: 
configure:3937: checking whether we are cross compiling
configure:3945: gcc -o conftest    conftest.c  >&5
configure:3949: $? = 0
configure:3956: ./conftest
configure:3960: $? = 0
configure:3975: result: no
configure:3980: checking for suffix of object files
configure:4002: gcc -c   conftest.c >&5
configure:4006: $? = 0
configure:4027: result: o
configure:4031: checking whether we are using the GNU C compiler
configure:4050: gcc -c   conftest.c >&5
configure:4050: $? = 0
configure:4059: result: yes
configure:4068: checking whether gcc accepts -g
configure:4088: gcc -c -g  conftest.c >&5
configure:4088: $? = 0
configure:4129: result: yes
configure:4146: checking for gcc option to accept ISO C89
configure:4209: gcc  -c -g -O2  conftest.c >&5
configure:4209: $? = 0
configure:4222: result: none needed
configure:4247: checking whether gcc understands -c and -o together
configure:4269: gcc -c conftest.c -o conftest2.o
configure:4272: $? = 0
configure:4269: gcc -c conftest.c -o conftest2.o
configure:4272: $? = 0
configure:4284: result: yes
configure:4303: checking dependency style of gcc
configure:4414: result: gcc3
configure:4435: checking how to run the C preprocessor
configure:4466: gcc -E  conftest.c
configure:4466: $? = 0
configure:4480: gcc -E  conftest.c
conftest.c:11:10: fatal error: 'ac_nonexistent.h' file not found
#include <ac_nonexistent.h>
         ^
1 error generated.
configure:4480: $? = 1
configure: failed program was:
| /* confdefs.h */
| #define PACKAGE_NAME "ntfs-3g"
| #define PACKAGE_TARNAME "ntfs-3g"
| #define PACKAGE_VERSION "2016.2.22"
| #define PACKAGE_STRING "ntfs-3g 2016.2.22"
| #define PACKAGE_BUGREPORT "ntfs-3g-devel@lists.sf.net"
| #define PACKAGE_URL ""
| #define PACKAGE "ntfs-3g"
| #define VERSION "2016.2.22"
| /* end confdefs.h.  */
| #include <ac_nonexistent.h>
configure:4505: result: gcc -E
configure:4525: gcc -E  conftest.c
configure:4525: $? = 0
configure:4539: gcc -E  conftest.c
conftest.c:11:10: fatal error: 'ac_nonexistent.h' file not found
#include <ac_nonexistent.h>
         ^
1 error generated.
configure:4539: $? = 1
configure: failed program was:
| /* confdefs.h */
| #define PACKAGE_NAME "ntfs-3g"
| #define PACKAGE_TARNAME "ntfs-3g"
| #define PACKAGE_VERSION "2016.2.22"
| #define PACKAGE_STRING "ntfs-3g 2016.2.22"
| #define PACKAGE_BUGREPORT "ntfs-3g-devel@lists.sf.net"
| #define PACKAGE_URL ""
| #define PACKAGE "ntfs-3g"
| #define VERSION "2016.2.22"
| /* end confdefs.h.  */
| #include <ac_nonexistent.h>
configure:4568: checking for grep that handles long lines and -e
configure:4626: result: /usr/bin/grep
configure:4631: checking for egrep
configure:4693: result: /usr/bin/grep -E
configure:4698: checking for ANSI C header files
configure:4718: gcc -c -g -O2  conftest.c >&5
configure:4718: $? = 0
configure:4791: gcc -o conftest -g -O2   conftest.c  >&5
configure:4791: $? = 0
configure:4791: ./conftest
configure:4791: $? = 0
configure:4802: result: yes
configure:4815: checking for sys/types.h
configure:4815: gcc -c -g -O2  conftest.c >&5
configure:4815: $? = 0
configure:4815: result: yes
configure:4815: checking for sys/stat.h
configure:4815: gcc -c -g -O2  conftest.c >&5
configure:4815: $? = 0
configure:4815: result: yes
configure:4815: checking for stdlib.h
configure:4815: gcc -c -g -O2  conftest.c >&5
configure:4815: $? = 0
configure:4815: result: yes
configure:4815: checking for string.h
configure:4815: gcc -c -g -O2  conftest.c >&5
configure:4815: $? = 0
configure:4815: result: yes
configure:4815: checking for memory.h
configure:4815: gcc -c -g -O2  conftest.c >&5
configure:4815: $? = 0
configure:4815: result: yes
configure:4815: checking for strings.h
configure:4815: gcc -c -g -O2  conftest.c >&5
configure:4815: $? = 0
configure:4815: result: yes
configure:4815: checking for inttypes.h
configure:4815: gcc -c -g -O2  conftest.c >&5
configure:4815: $? = 0
configure:4815: result: yes
configure:4815: checking for stdint.h
configure:4815: gcc -c -g -O2  conftest.c >&5
configure:4815: $? = 0
configure:4815: result: yes
configure:4815: checking for unistd.h
configure:4815: gcc -c -g -O2  conftest.c >&5
configure:4815: $? = 0
configure:4815: result: yes
configure:4828: checking minix/config.h usability
configure:4828: gcc -c -g -O2  conftest.c >&5
conftest.c:54:10: fatal error: 'minix/config.h' file not found
#include <minix/config.h>
         ^
1 error generated.
configure:4828: $? = 1
configure: failed program was:
| /* confdefs.h */
| #define PACKAGE_NAME "ntfs-3g"
| #define PACKAGE_TARNAME "ntfs-3g"
| #define PACKAGE_VERSION "2016.2.22"
| #define PACKAGE_STRING "ntfs-3g 2016.2.22"
| #define PACKAGE_BUGREPORT "ntfs-3g-devel@lists.sf.net"
| #define PACKAGE_URL ""
| #define PACKAGE "ntfs-3g"
| #define VERSION "2016.2.22"
| #define STDC_HEADERS 1
| #define HAVE_SYS_TYPES_H 1
| #define HAVE_SYS_STAT_H 1
| #define HAVE_STDLIB_H 1
| #define HAVE_STRING_H 1
| #define HAVE_MEMORY_H 1
| #define HAVE_STRINGS_H 1
| #define HAVE_INTTYPES_H 1
| #define HAVE_STDINT_H 1
| #define HAVE_UNISTD_H 1
| /* end confdefs.h.  */
| #include <stdio.h>
| #ifdef HAVE_SYS_TYPES_H
| # include <sys/types.h>
| #endif
| #ifdef HAVE_SYS_STAT_H
| # include <sys/stat.h>
| #endif
| #ifdef STDC_HEADERS
| # include <stdlib.h>
| # include <stddef.h>
| #else
| # ifdef HAVE_STDLIB_H
| #  include <stdlib.h>
| # endif
| #endif
| #ifdef HAVE_STRING_H
| # if !defined STDC_HEADERS && defined HAVE_MEMORY_H
| #  include <memory.h>
| # endif
| # include <string.h>
| #endif
| #ifdef HAVE_STRINGS_H
| # include <strings.h>
| #endif
| #ifdef HAVE_INTTYPES_H
| # include <inttypes.h>
| #endif
| #ifdef HAVE_STDINT_H
| # include <stdint.h>
| #endif
| #ifdef HAVE_UNISTD_H
| # include <unistd.h>
| #endif
| #include <minix/config.h>
configure:4828: result: no
configure:4828: checking minix/config.h presence
configure:4828: gcc -E  conftest.c
conftest.c:21:10: fatal error: 'minix/config.h' file not found
#include <minix/config.h>
         ^
1 error generated.
configure:4828: $? = 1
configure: failed program was:
| /* confdefs.h */
| #define PACKAGE_NAME "ntfs-3g"
| #define PACKAGE_TARNAME "ntfs-3g"
| #define PACKAGE_VERSION "2016.2.22"
| #define PACKAGE_STRING "ntfs-3g 2016.2.22"
| #define PACKAGE_BUGREPORT "ntfs-3g-devel@lists.sf.net"
| #define PACKAGE_URL ""
| #define PACKAGE "ntfs-3g"
| #define VERSION "2016.2.22"
| #define STDC_HEADERS 1
| #define HAVE_SYS_TYPES_H 1
| #define HAVE_SYS_STAT_H 1
| #define HAVE_STDLIB_H 1
| #define HAVE_STRING_H 1
| #define HAVE_MEMORY_H 1
| #define HAVE_STRINGS_H 1
| #define HAVE_INTTYPES_H 1
| #define HAVE_STDINT_H 1
| #define HAVE_UNISTD_H 1
| /* end confdefs.h.  */
| #include <minix/config.h>
configure:4828: result: no
configure:4828: checking for minix/config.h
configure:4828: result: no
configure:4849: checking whether it is safe to define __EXTENSIONS__
configure:4867: gcc -c -g -O2  conftest.c >&5
configure:4867: $? = 0
configure:4874: result: yes
configure:5003: checking for C compiler version
configure:5012: gcc --version >&5
Apple LLVM version 8.0.0 (clang-800.0.42.1)
Target: x86_64-apple-darwin16.3.0
Thread model: posix
InstalledDir: /Applications/Xcode.app/Contents/Developer/Toolchains/XcodeDefault.xctoolchain/usr/bin
Configured with: --prefix=/Applications/Xcode.app/Contents/Developer/usr --with-gxx-include-dir=/Applications/Xcode.app/Contents/Developer/Platforms/MacOSX.platform/Developer/SDKs/MacOSX10.12.sdk/usr/include/c++/4.2.1
configure:5023: $? = 0
configure:5012: gcc -v >&5
Configured with: --prefix=/Applications/Xcode.app/Contents/Developer/usr --with-gxx-include-dir=/Applications/Xcode.app/Contents/Developer/Platforms/MacOSX.platform/Developer/SDKs/MacOSX10.12.sdk/usr/include/c++/4.2.1
Apple LLVM version 8.0.0 (clang-800.0.42.1)
Target: x86_64-apple-darwin16.3.0
Thread model: posix
InstalledDir: /Applications/Xcode.app/Contents/Developer/Toolchains/XcodeDefault.xctoolchain/usr/bin
configure:5023: $? = 0
configure:5012: gcc -V >&5
clang: error: argument to '-V' is missing (expected 1 value)
clang: error: no input files
configure:5023: $? = 1
configure:5012: gcc -qversion >&5
clang: error: unknown argument: '-qversion'
clang: error: no input files
configure:5023: $? = 1
configure:5027: checking whether we are using the GNU C compiler
configure:5055: result: yes
configure:5064: checking whether gcc accepts -g
configure:5125: result: yes
configure:5142: checking for gcc option to accept ISO C89
configure:5218: result: none needed
configure:5243: checking whether gcc understands -c and -o together
configure:5280: result: yes
configure:5299: checking dependency style of gcc
configure:5410: result: gcc3
configure:5425: checking whether ln -s works
configure:5429: result: yes
configure:5484: checking how to print strings
configure:5511: result: printf
configure:5532: checking for a sed that does not truncate output
configure:5596: result: /usr/bin/sed
configure:5614: checking for fgrep
configure:5676: result: /usr/bin/grep -F
configure:5711: checking for ld used by gcc
configure:5778: result: /Applications/Xcode.app/Contents/Developer/Toolchains/XcodeDefault.xctoolchain/usr/bin/ld
configure:5785: checking if the linker (/Applications/Xcode.app/Contents/Developer/Toolchains/XcodeDefault.xctoolchain/usr/bin/ld) is GNU ld
configure:5800: result: no
configure:5812: checking for BSD- or MS-compatible name lister (nm)
configure:5861: result: /usr/bin/nm -B
configure:5991: checking the name lister (/usr/bin/nm -B) interface
configure:5998: gcc -c -g -O2  conftest.c >&5
configure:6001: /usr/bin/nm -B "conftest.o"
configure:6004: output
0000000000000204 S _some_variable
configure:6011: result: BSD nm
configure:6015: checking the maximum length of command line arguments
configure:6145: result: 196608
configure:6162: checking whether the shell understands some XSI constructs
configure:6172: result: yes
configure:6176: checking whether the shell understands "+="
configure:6182: result: yes
configure:6217: checking how to convert x86_64-apple-darwin16.3.0 file names to x86_64-apple-darwin16.3.0 format
configure:6257: result: func_convert_file_noop
configure:6264: checking how to convert x86_64-apple-darwin16.3.0 file names to toolchain format
configure:6284: result: func_convert_file_noop
configure:6291: checking for /Applications/Xcode.app/Contents/Developer/Toolchains/XcodeDefault.xctoolchain/usr/bin/ld option to reload object files
configure:6298: result: -r
configure:6372: checking for objdump
configure:6388: found /usr/bin/objdump
configure:6399: result: objdump
configure:6431: checking how to recognize dependent libraries
configure:6633: result: pass_all
configure:6718: checking for dlltool
configure:6748: result: no
configure:6778: checking how to associate runtime and link libraries
configure:6805: result: printf %s\n
configure:6865: checking for ar
configure:6881: found /usr/bin/ar
configure:6892: result: ar
configure:6929: checking for archiver @FILE support
configure:6946: gcc -c -g -O2  conftest.c >&5
configure:6946: $? = 0
configure:6949: ar cru libconftest.a @conftest.lst >&5
ar: @conftest.lst: No such file or directory
configure:6952: $? = 1
configure:6972: result: no
configure:7030: checking for strip
configure:7046: found /usr/bin/strip
configure:7057: result: strip
configure:7129: checking for ranlib
configure:7145: found /usr/bin/ranlib
configure:7156: result: ranlib
configure:7258: checking command to parse /usr/bin/nm -B output from gcc object
configure:7378: gcc -c -g -O2  conftest.c >&5
configure:7381: $? = 0
configure:7385: /usr/bin/nm -B conftest.o \| sed -n -e 's/^.*[ ]\([BCDEGRST][BCDEGRST]*\)[ ][ ]*\([_A-Za-z][_A-Za-z0-9]*\)$/\1 \2 \2/p' | sed '/ __gnu_lto/d' \> conftest.nm
configure:7388: $? = 0
cannot find nm_test_var in conftest.nm
configure:7378: gcc -c -g -O2  conftest.c >&5
configure:7381: $? = 0
configure:7385: /usr/bin/nm -B conftest.o \| sed -n -e 's/^.*[ ]\([BCDEGRST][BCDEGRST]*\)[ ][ ]*_\([_A-Za-z][_A-Za-z0-9]*\)$/\1 _\2 \2/p' | sed '/ __gnu_lto/d' \> conftest.nm
configure:7388: $? = 0
configure:7454: gcc -o conftest -g -O2   conftest.c conftstm.o >&5
warning: (x86_64)  could not find object file symbol for symbol _main
configure:7457: $? = 0
configure:7495: result: ok
configure:7532: checking for sysroot
configure:7562: result: no
configure:7824: checking for mt
configure:7854: result: no
configure:7874: checking if : is a manifest tool
configure:7880: : '-?'
configure:7888: result: no
configure:7944: checking for dsymutil
configure:7960: found /usr/bin/dsymutil
configure:7971: result: dsymutil
configure:8036: checking for nmedit
configure:8052: found /usr/bin/nmedit
configure:8063: result: nmedit
configure:8128: checking for lipo
configure:8144: found /usr/bin/lipo
configure:8155: result: lipo
configure:8220: checking for otool
configure:8236: found /usr/bin/otool
configure:8247: result: otool
configure:8312: checking for otool64
configure:8342: result: no
configure:8387: checking for -single_module linker flag
gcc -g -O2  -o libconftest.dylib -dynamiclib -Wl,-single_module conftest.c
configure:8420: result: yes
configure:8423: checking for -exported_symbols_list linker flag
configure:8443: gcc -o conftest -g -O2   -Wl,-exported_symbols_list,conftest.sym conftest.c  >&5
configure:8443: $? = 0
configure:8453: result: yes
configure:8456: checking for -force_load linker flag
gcc -g -O2 -c -o conftest.o conftest.c
ar cru libconftest.a conftest.o
ranlib libconftest.a
gcc -g -O2  -o conftest conftest.c -Wl,-force_load,./libconftest.a
configure:8488: result: yes
configure:8527: checking for dlfcn.h
configure:8527: gcc -c -g -O2  conftest.c >&5
configure:8527: $? = 0
configure:8527: result: yes
configure:8733: checking for objdir
configure:8748: result: .libs
configure:9019: checking if gcc supports -fno-rtti -fno-exceptions
configure:9037: gcc -c -g -O2  -fno-rtti -fno-exceptions conftest.c >&5
configure:9041: $? = 0
configure:9054: result: yes
configure:9381: checking for gcc option to produce PIC
configure:9388: result: -fno-common -DPIC
configure:9396: checking if gcc PIC flag -fno-common -DPIC works
configure:9414: gcc -c -g -O2  -fno-common -DPIC -DPIC conftest.c >&5
configure:9418: $? = 0
configure:9431: result: yes
configure:9460: checking if gcc static flag -static works
configure:9488: result: no
configure:9503: checking if gcc supports -c -o file.o
configure:9524: gcc -c -g -O2  -o out/conftest2.o conftest.c >&5
configure:9528: $? = 0
configure:9550: result: yes
configure:9558: checking if gcc supports -c -o file.o
configure:9605: result: yes
configure:9638: checking whether the gcc linker (/Applications/Xcode.app/Contents/Developer/Toolchains/XcodeDefault.xctoolchain/usr/bin/ld) supports shared libraries
configure:10791: result: yes
configure:11031: checking dynamic linker characteristics
configure:11768: result: darwin16.3.0 dyld
configure:11875: checking how to hardcode library paths into programs
configure:11900: result: immediate
configure:12440: checking whether stripping libraries is possible
configure:12454: result: yes
configure:12480: checking if libtool supports shared libraries
configure:12482: result: yes
configure:12485: checking whether to build shared libraries
configure:12506: result: yes
configure:12509: checking whether to build static libraries
configure:12513: result: yes
configure:12606: checking for pkg-config
configure:12639: result: no
configure:12675: checking for mv
configure:12693: found /bin/mv
configure:12705: result: /bin/mv
configure:12715: checking for rm
configure:12733: found /bin/rm
configure:12745: result: /bin/rm
configure:12755: checking for sed
configure:12785: result: /usr/bin/sed
configure:12796: checking for ldconfig
configure:12827: result: true
configure:12837: checking Windows OS
configure:12849: result: no
configure:12856: checking fuse compatibility
configure:12880: result: external
configure:13003: checking for pkg-config
configure:13034: result: no
configure:13043: error: pkg-config wasn't found! Please install from your vendor, or see http://pkg-config.freedesktop.org/wiki/

## ---------------- ##
## Cache variables. ##
## ---------------- ##

ac_cv_build=x86_64-apple-darwin16.3.0
ac_cv_c_compiler_gnu=yes
ac_cv_env_CC_set=
ac_cv_env_CC_value=
ac_cv_env_CFLAGS_set=
ac_cv_env_CFLAGS_value=
ac_cv_env_CPPFLAGS_set=
ac_cv_env_CPPFLAGS_value=
ac_cv_env_CPP_set=
ac_cv_env_CPP_value=
ac_cv_env_FUSE_MODULE_CFLAGS_set=
ac_cv_env_FUSE_MODULE_CFLAGS_value=
ac_cv_env_FUSE_MODULE_LIBS_set=
ac_cv_env_FUSE_MODULE_LIBS_value=
ac_cv_env_GNUTLS_CFLAGS_set=
ac_cv_env_GNUTLS_CFLAGS_value=
ac_cv_env_GNUTLS_LIBS_set=
ac_cv_env_GNUTLS_LIBS_value=
ac_cv_env_LDCONFIG_set=
ac_cv_env_LDCONFIG_value=
ac_cv_env_LDFLAGS_set=
ac_cv_env_LDFLAGS_value=
ac_cv_env_LIBS_set=
ac_cv_env_LIBS_value=
ac_cv_env_PKG_CONFIG_LIBDIR_set=
ac_cv_env_PKG_CONFIG_LIBDIR_value=
ac_cv_env_PKG_CONFIG_PATH_set=
ac_cv_env_PKG_CONFIG_PATH_value=
ac_cv_env_PKG_CONFIG_set=
ac_cv_env_PKG_CONFIG_value=
ac_cv_env_build_alias_set=
ac_cv_env_build_alias_value=
ac_cv_env_host_alias_set=
ac_cv_env_host_alias_value=
ac_cv_env_target_alias_set=
ac_cv_env_target_alias_value=
ac_cv_header_dlfcn_h=yes
ac_cv_header_inttypes_h=yes
ac_cv_header_memory_h=yes
ac_cv_header_minix_config_h=no
ac_cv_header_stdc=yes
ac_cv_header_stdint_h=yes
ac_cv_header_stdlib_h=yes
ac_cv_header_string_h=yes
ac_cv_header_strings_h=yes
ac_cv_header_sys_stat_h=yes
ac_cv_header_sys_types_h=yes
ac_cv_header_unistd_h=yes
ac_cv_host=x86_64-apple-darwin16.3.0
ac_cv_objext=o
ac_cv_path_EGREP='/usr/bin/grep -E'
ac_cv_path_FGREP='/usr/bin/grep -F'
ac_cv_path_GREP=/usr/bin/grep
ac_cv_path_LDCONFIG=true
ac_cv_path_MV=/bin/mv
ac_cv_path_PKG_CONFIG=no
ac_cv_path_RM=/bin/rm
ac_cv_path_SED=/usr/bin/sed
ac_cv_path_install='/usr/bin/install -c'
ac_cv_prog_AWK=awk
ac_cv_prog_CPP='gcc -E'
ac_cv_prog_ac_ct_AR=ar
ac_cv_prog_ac_ct_CC=gcc
ac_cv_prog_ac_ct_DSYMUTIL=dsymutil
ac_cv_prog_ac_ct_LIPO=lipo
ac_cv_prog_ac_ct_NMEDIT=nmedit
ac_cv_prog_ac_ct_OBJDUMP=objdump
ac_cv_prog_ac_ct_OTOOL=otool
ac_cv_prog_ac_ct_RANLIB=ranlib
ac_cv_prog_ac_ct_STRIP=strip
ac_cv_prog_cc_c89=
ac_cv_prog_cc_g=yes
ac_cv_prog_make_make_set=yes
ac_cv_safe_to_define___extensions__=yes
ac_cv_target=x86_64-apple-darwin16.3.0
am_cv_CC_dependencies_compiler_type=gcc3
am_cv_make_support_nested_variables=yes
am_cv_prog_cc_c_o=yes
lt_cv_apple_cc_single_mod=yes
lt_cv_ar_at_file=no
lt_cv_deplibs_check_method=pass_all
lt_cv_file_magic_cmd='$MAGIC_CMD'
lt_cv_file_magic_test_file=
lt_cv_ld_exported_symbols_list=yes
lt_cv_ld_force_load=yes
lt_cv_ld_reload_flag=-r
lt_cv_nm_interface='BSD nm'
lt_cv_objdir=.libs
lt_cv_path_LD=/Applications/Xcode.app/Contents/Developer/Toolchains/XcodeDefault.xctoolchain/usr/bin/ld
lt_cv_path_NM='/usr/bin/nm -B'
lt_cv_path_mainfest_tool=no
lt_cv_prog_compiler_c_o=yes
lt_cv_prog_compiler_pic='-fno-common -DPIC'
lt_cv_prog_compiler_pic_works=yes
lt_cv_prog_compiler_rtti_exceptions=yes
lt_cv_prog_compiler_static_works=no
lt_cv_prog_gnu_ld=no
lt_cv_sharedlib_from_linklib_cmd='printf %s\n'
lt_cv_sys_global_symbol_pipe='sed -n -e '\''s/^.*[	 ]\([BCDEGRST][BCDEGRST]*\)[	 ][	 ]*_\([_A-Za-z][_A-Za-z0-9]*\)$/\1 _\2 \2/p'\'' | sed '\''/ __gnu_lto/d'\'''
lt_cv_sys_global_symbol_to_c_name_address='sed -n -e '\''s/^: \([^ ]*\)[ ]*$/  {\"\1\", (void *) 0},/p'\'' -e '\''s/^[BCDEGRST]* \([^ ]*\) \([^ ]*\)$/  {"\2", (void *) \&\2},/p'\'''
lt_cv_sys_global_symbol_to_c_name_address_lib_prefix='sed -n -e '\''s/^: \([^ ]*\)[ ]*$/  {\"\1\", (void *) 0},/p'\'' -e '\''s/^[BCDEGRST]* \([^ ]*\) \(lib[^ ]*\)$/  {"\2", (void *) \&\2},/p'\'' -e '\''s/^[BCDEGRST]* \([^ ]*\) \([^ ]*\)$/  {"lib\2", (void *) \&\2},/p'\'''
lt_cv_sys_global_symbol_to_cdecl='sed -n -e '\''s/^T .* \(.*\)$/extern int \1();/p'\'' -e '\''s/^[BCDEGRST]* .* \(.*\)$/extern char \1;/p'\'''
lt_cv_sys_max_cmd_len=196608
lt_cv_to_host_file_cmd=func_convert_file_noop
lt_cv_to_tool_file_cmd=func_convert_file_noop

## ----------------- ##
## Output variables. ##
## ----------------- ##

ACLOCAL='${SHELL} /Users/Daddy/Downloads/ntfs-3g_ntfsprogs-2016.2.22/missing aclocal-1.14'
AMDEPBACKSLASH='\'
AMDEP_FALSE='#'
AMDEP_TRUE=''
AMTAR='$${TAR-tar}'
AM_BACKSLASH='\'
AM_DEFAULT_V='$(AM_DEFAULT_VERBOSITY)'
AM_DEFAULT_VERBOSITY='1'
AM_V='$(V)'
AR='ar'
AUTOCONF='${SHELL} /Users/Daddy/Downloads/ntfs-3g_ntfsprogs-2016.2.22/missing autoconf'
AUTOHEADER='${SHELL} /Users/Daddy/Downloads/ntfs-3g_ntfsprogs-2016.2.22/missing autoheader'
AUTOMAKE='${SHELL} /Users/Daddy/Downloads/ntfs-3g_ntfsprogs-2016.2.22/missing automake-1.14'
AWK='awk'
CC='gcc'
CCDEPMODE='depmode=gcc3'
CFLAGS='-g -O2'
CPP='gcc -E'
CPPFLAGS=''
CYGPATH_W='echo'
DEFS=''
DEPDIR='.deps'
DLLTOOL='false'
DSYMUTIL='dsymutil'
DUMPBIN=''
ECHO_C='\c'
ECHO_N=''
ECHO_T=''
EGREP='/usr/bin/grep -E'
ENABLE_CRYPTO_FALSE=''
ENABLE_CRYPTO_TRUE=''
ENABLE_EXTRAS_FALSE=''
ENABLE_EXTRAS_TRUE=''
ENABLE_MOUNT_HELPER_FALSE=''
ENABLE_MOUNT_HELPER_TRUE=''
ENABLE_NTFSPROGS_FALSE=''
ENABLE_NTFSPROGS_TRUE=''
ENABLE_NTFS_3G_FALSE=''
ENABLE_NTFS_3G_TRUE=''
ENABLE_QUARANTINED_FALSE=''
ENABLE_QUARANTINED_TRUE=''
EXEEXT=''
FGREP='/usr/bin/grep -F'
FUSE_INTERNAL_FALSE=''
FUSE_INTERNAL_TRUE=''
FUSE_MODULE_CFLAGS=''
FUSE_MODULE_LIBS=''
GENERATE_LDSCRIPT_FALSE=''
GENERATE_LDSCRIPT_TRUE=''
GNUTLS_CFLAGS=''
GNUTLS_LIBS=''
GREP='/usr/bin/grep'
INSTALL_DATA='${INSTALL} -m 644'
INSTALL_LIBRARY_FALSE=''
INSTALL_LIBRARY_TRUE=''
INSTALL_PROGRAM='${INSTALL}'
INSTALL_SCRIPT='${INSTALL}'
INSTALL_STRIP_PROGRAM='$(install_sh) -c -s'
LD='/Applications/Xcode.app/Contents/Developer/Toolchains/XcodeDefault.xctoolchain/usr/bin/ld'
LDCONFIG='true'
LDFLAGS=''
LIBFUSE_LITE_CFLAGS=''
LIBFUSE_LITE_LIBS=''
LIBGCRYPT_CFLAGS=''
LIBGCRYPT_CONFIG=''
LIBGCRYPT_LIBS=''
LIBNTFS_3G_VERSION='87'
LIBNTFS_CPPFLAGS=''
LIBNTFS_LIBS=''
LIBOBJS=''
LIBS=''
LIBTOOL='$(SHELL) $(top_builddir)/libtool'
LIPO='lipo'
LN_S='ln -s'
LTLIBOBJS=''
MAINT='#'
MAINTAINER_MODE_FALSE=''
MAINTAINER_MODE_TRUE='#'
MAKEINFO='${SHELL} /Users/Daddy/Downloads/ntfs-3g_ntfsprogs-2016.2.22/missing makeinfo'
MANIFEST_TOOL=':'
MKDIR_P='./install-sh -c -d'
MKNTFS_CPPFLAGS=''
MKNTFS_LIBS=''
MV='/bin/mv'
NM='/usr/bin/nm -B'
NMEDIT='nmedit'
NTFSPROGS_STATIC_LIBS=''
NTFS_DEVICE_DEFAULT_IO_OPS_FALSE=''
NTFS_DEVICE_DEFAULT_IO_OPS_TRUE=''
OBJDUMP='objdump'
OBJEXT='o'
OTOOL64=':'
OTOOL='otool'
OUTPUT_FORMAT=''
PACKAGE='ntfs-3g'
PACKAGE_BUGREPORT='ntfs-3g-devel@lists.sf.net'
PACKAGE_NAME='ntfs-3g'
PACKAGE_STRING='ntfs-3g 2016.2.22'
PACKAGE_TARNAME='ntfs-3g'
PACKAGE_URL=''
PACKAGE_VERSION='2016.2.22'
PATH_SEPARATOR=':'
PKG_CONFIG='no'
PKG_CONFIG_LIBDIR=''
PKG_CONFIG_PATH=''
RANLIB='ranlib'
REALLYSTATIC_FALSE=''
REALLYSTATIC_TRUE=''
RM='/bin/rm'
RUN_LDCONFIG_FALSE=''
RUN_LDCONFIG_TRUE=''
SED='/usr/bin/sed'
SET_MAKE=''
SHELL='/bin/sh'
STRIP='strip'
VERSION='2016.2.22'
WINDOWS_FALSE=''
WINDOWS_TRUE=''
ac_ct_AR='ar'
ac_ct_CC='gcc'
ac_ct_DUMPBIN=''
all_includes=''
all_libraries=''
am__EXEEXT_FALSE=''
am__EXEEXT_TRUE=''
am__fastdepCC_FALSE='#'
am__fastdepCC_TRUE=''
am__include='include'
am__isrc=''
am__leading_dot='.'
am__nodep='_no'
am__quote=''
am__tar='$${TAR-tar} chof - "$$tardir"'
am__untar='$${TAR-tar} xf -'
bindir='${exec_prefix}/bin'
build='x86_64-apple-darwin16.3.0'
build_alias=''
build_cpu='x86_64'
build_os='darwin16.3.0'
build_vendor='apple'
datadir='${datarootdir}'
datarootdir='${prefix}/share'
docdir='${datarootdir}/doc/${PACKAGE_TARNAME}'
dvidir='${docdir}'
exec_prefix='NONE'
host='x86_64-apple-darwin16.3.0'
host_alias=''
host_cpu='x86_64'
host_os='darwin16.3.0'
host_vendor='apple'
htmldir='${docdir}'
includedir='${prefix}/include'
infodir='${datarootdir}/info'
install_sh='${SHELL} /Users/Daddy/Downloads/ntfs-3g_ntfsprogs-2016.2.22/install-sh'
libdir='${exec_prefix}/lib'
libexecdir='${exec_prefix}/libexec'
localedir='${datarootdir}/locale'
localstatedir='${prefix}/var'
mandir='${datarootdir}/man'
mkdir_p='$(MKDIR_P)'
ntfs3gincludedir=''
oldincludedir='/usr/include'
pdfdir='${docdir}'
pkgconfigdir=''
prefix='NONE'
program_transform_name='s,x,x,'
psdir='${docdir}'
rootbindir=''
rootlibdir=''
rootsbindir=''
sbindir='${exec_prefix}/sbin'
sharedstatedir='${prefix}/com'
sysconfdir='${prefix}/etc'
target='x86_64-apple-darwin16.3.0'
target_alias=''
target_cpu='x86_64'
target_os='darwin16.3.0'
target_vendor='apple'

## ----------- ##
## confdefs.h. ##
## ----------- ##

/* confdefs.h */
#define PACKAGE_NAME "ntfs-3g"
#define PACKAGE_TARNAME "ntfs-3g"
#define PACKAGE_VERSION "2016.2.22"
#define PACKAGE_STRING "ntfs-3g 2016.2.22"
#define PACKAGE_BUGREPORT "ntfs-3g-devel@lists.sf.net"
#define PACKAGE_URL ""
#define PACKAGE "ntfs-3g"
#define VERSION "2016.2.22"
#define STDC_HEADERS 1
#define HAVE_SYS_TYPES_H 1
#define HAVE_SYS_STAT_H 1
#define HAVE_STDLIB_H 1
#define HAVE_STRING_H 1
#define HAVE_MEMORY_H 1
#define HAVE_STRINGS_H 1
#define HAVE_INTTYPES_H 1
#define HAVE_STDINT_H 1
#define HAVE_UNISTD_H 1
#define __EXTENSIONS__ 1
#define _ALL_SOURCE 1
#define _GNU_SOURCE 1
#define _POSIX_PTHREAD_SEMANTICS 1
#define _TANDEM_SOURCE 1
#define HAVE_DLFCN_H 1
#define LT_OBJDIR ".libs/"

configure: exit 1
